{"buildDate":"2024-05-26T04:20:34Z","commit":"152b36577137fd95f288e12cee5fd6d857a2d101","debug":true,"level":"info","msg":"language: en","time":"2024-10-28T11:51:11+01:00","version":"0.23.3"}
{"buildDate":"2024-05-26T04:20:34Z","commit":"152b36577137fd95f288e12cee5fd6d857a2d101","debug":true,"level":"warning","msg":"docker-compose -f compose.yml config --quiet","time":"2024-10-28T11:51:11+01:00","version":"0.23.3"}
{"buildDate":"2024-05-26T04:20:34Z","commit":"152b36577137fd95f288e12cee5fd6d857a2d101","debug":true,"level":"warning","msg":"'docker-compose -f compose.yml config --quiet': 14.332µs","time":"2024-10-28T11:51:11+01:00","version":"0.23.3"}
{"buildDate":"2024-05-26T04:20:34Z","commit":"152b36577137fd95f288e12cee5fd6d857a2d101","debug":true,"level":"warning","msg":"exec: \"docker-compose\": executable file not found in $PATH","time":"2024-10-28T11:51:11+01:00","version":"0.23.3"}
{"buildDate":"2024-05-26T04:20:34Z","commit":"152b36577137fd95f288e12cee5fd6d857a2d101","debug":true,"level":"info","msg":"setting highlight to true for view containers","time":"2024-10-28T11:51:11+01:00","version":"0.23.3"}
{"buildDate":"2024-05-26T04:20:34Z","commit":"152b36577137fd95f288e12cee5fd6d857a2d101","debug":true,"level":"info","msg":"new focused view is containers","time":"2024-10-28T11:51:11+01:00","version":"0.23.3"}
{"buildDate":"2024-05-26T04:20:34Z","commit":"152b36577137fd95f288e12cee5fd6d857a2d101","debug":true,"level":"info","msg":"containers focus gained","time":"2024-10-28T11:51:11+01:00","version":"0.23.3"}
{"buildDate":"2024-05-26T04:20:34Z","commit":"152b36577137fd95f288e12cee5fd6d857a2d101","debug":true,"level":"info","msg":"received event of type: container","time":"2024-10-28T11:51:11+01:00","version":"0.23.3"}
{"buildDate":"2024-05-26T04:20:34Z","commit":"152b36577137fd95f288e12cee5fd6d857a2d101","debug":true,"level":"info","msg":"received event of type: container","time":"2024-10-28T11:51:11+01:00","version":"0.23.3"}
{"buildDate":"2024-05-26T04:20:34Z","commit":"152b36577137fd95f288e12cee5fd6d857a2d101","debug":true,"level":"info","msg":"received event of type: container","time":"2024-10-28T11:51:11+01:00","version":"0.23.3"}
{"buildDate":"2024-05-26T04:20:34Z","commit":"152b36577137fd95f288e12cee5fd6d857a2d101","debug":true,"level":"info","msg":"received event of type: container","time":"2024-10-28T11:51:11+01:00","version":"0.23.3"}
{"buildDate":"2024-05-26T04:20:34Z","commit":"152b36577137fd95f288e12cee5fd6d857a2d101","debug":true,"level":"info","msg":"received event of type: container","time":"2024-10-28T11:51:11+01:00","version":"0.23.3"}
{"buildDate":"2024-05-26T04:20:34Z","commit":"152b36577137fd95f288e12cee5fd6d857a2d101","debug":true,"level":"info","msg":"received event of type: container","time":"2024-10-28T11:51:11+01:00","version":"0.23.3"}
{"buildDate":"2024-05-26T04:20:34Z","commit":"152b36577137fd95f288e12cee5fd6d857a2d101","debug":true,"level":"info","msg":"received event of type: container","time":"2024-10-28T11:51:11+01:00","version":"0.23.3"}
{"buildDate":"2024-05-26T04:20:34Z","commit":"152b36577137fd95f288e12cee5fd6d857a2d101","debug":true,"level":"info","msg":"received event of type: container","time":"2024-10-28T11:51:11+01:00","version":"0.23.3"}
{"buildDate":"2024-05-26T04:20:34Z","commit":"152b36577137fd95f288e12cee5fd6d857a2d101","debug":true,"level":"info","msg":"received event of type: container","time":"2024-10-28T11:51:11+01:00","version":"0.23.3"}
{"buildDate":"2024-05-26T04:20:34Z","commit":"152b36577137fd95f288e12cee5fd6d857a2d101","debug":true,"level":"info","msg":"asking task to stop","time":"2024-10-28T11:51:12+01:00","version":"0.23.3"}
{"buildDate":"2024-05-26T04:20:34Z","commit":"152b36577137fd95f288e12cee5fd6d857a2d101","debug":true,"level":"info","msg":"closed stop channel, waiting for notifyStopped message","time":"2024-10-28T11:51:12+01:00","version":"0.23.3"}
{"buildDate":"2024-05-26T04:20:34Z","commit":"152b36577137fd95f288e12cee5fd6d857a2d101","debug":true,"level":"error","msg":"context canceled","time":"2024-10-28T11:51:12+01:00","version":"0.23.3"}
{"buildDate":"2024-05-26T04:20:34Z","commit":"152b36577137fd95f288e12cee5fd6d857a2d101","debug":true,"level":"info","msg":"running ticker task again","time":"2024-10-28T11:51:12+01:00","version":"0.23.3"}
{"buildDate":"2024-05-26T04:20:34Z","commit":"152b36577137fd95f288e12cee5fd6d857a2d101","debug":true,"level":"error","msg":"Get \"http://%2Fvar%2Frun%2Fdocker.sock/v1.25/containers/ca252571790d434cc38e92dba99431aac881e3591310b4f254f7b18d9fc2f852/logs?follow=1\u0026since=1730109072\u0026stderr=1\u0026stdout=1\u0026tail=\": context canceled","time":"2024-10-28T11:51:12+01:00","version":"0.23.3"}
{"buildDate":"2024-05-26T04:20:34Z","commit":"152b36577137fd95f288e12cee5fd6d857a2d101","debug":true,"level":"error","msg":"Get \"http://%2Fvar%2Frun%2Fdocker.sock/v1.25/containers/ca252571790d434cc38e92dba99431aac881e3591310b4f254f7b18d9fc2f852/logs?follow=1\u0026since=1730109072\u0026stderr=1\u0026stdout=1\u0026tail=\": context canceled","time":"2024-10-28T11:51:12+01:00","version":"0.23.3"}
{"buildDate":"2024-05-26T04:20:34Z","commit":"152b36577137fd95f288e12cee5fd6d857a2d101","debug":true,"level":"info","msg":"exiting ticker task due to stopped channel","time":"2024-10-28T11:51:12+01:00","version":"0.23.3"}
{"buildDate":"2024-05-26T04:20:34Z","commit":"152b36577137fd95f288e12cee5fd6d857a2d101","debug":true,"level":"info","msg":"returned from function, closing notifyStopped","time":"2024-10-28T11:51:12+01:00","version":"0.23.3"}
{"buildDate":"2024-05-26T04:20:34Z","commit":"152b36577137fd95f288e12cee5fd6d857a2d101","debug":true,"level":"info","msg":"received notifystopped message","time":"2024-10-28T11:51:12+01:00","version":"0.23.3"}
{"buildDate":"2024-05-26T04:20:34Z","commit":"152b36577137fd95f288e12cee5fd6d857a2d101","debug":true,"level":"info","msg":"task stopped","time":"2024-10-28T11:51:12+01:00","version":"0.23.3"}
{"buildDate":"2024-05-26T04:20:34Z","commit":"152b36577137fd95f288e12cee5fd6d857a2d101","debug":true,"level":"info","msg":"asking task to stop","time":"2024-10-28T11:51:12+01:00","version":"0.23.3"}
{"buildDate":"2024-05-26T04:20:34Z","commit":"152b36577137fd95f288e12cee5fd6d857a2d101","debug":true,"level":"info","msg":"closed stop channel, waiting for notifyStopped message","time":"2024-10-28T11:51:12+01:00","version":"0.23.3"}
{"buildDate":"2024-05-26T04:20:34Z","commit":"152b36577137fd95f288e12cee5fd6d857a2d101","debug":true,"level":"error","msg":"context canceled","time":"2024-10-28T11:51:12+01:00","version":"0.23.3"}
{"buildDate":"2024-05-26T04:20:34Z","commit":"152b36577137fd95f288e12cee5fd6d857a2d101","debug":true,"level":"info","msg":"exiting ticker task due to stopped channel","time":"2024-10-28T11:51:12+01:00","version":"0.23.3"}
{"buildDate":"2024-05-26T04:20:34Z","commit":"152b36577137fd95f288e12cee5fd6d857a2d101","debug":true,"level":"info","msg":"returned from function, closing notifyStopped","time":"2024-10-28T11:51:12+01:00","version":"0.23.3"}
{"buildDate":"2024-05-26T04:20:34Z","commit":"152b36577137fd95f288e12cee5fd6d857a2d101","debug":true,"level":"info","msg":"received notifystopped message","time":"2024-10-28T11:51:12+01:00","version":"0.23.3"}
{"buildDate":"2024-05-26T04:20:34Z","commit":"152b36577137fd95f288e12cee5fd6d857a2d101","debug":true,"level":"info","msg":"task stopped","time":"2024-10-28T11:51:12+01:00","version":"0.23.3"}
{"buildDate":"2024-05-26T04:20:34Z","commit":"152b36577137fd95f288e12cee5fd6d857a2d101","debug":true,"level":"info","msg":"asking task to stop","time":"2024-10-28T11:51:12+01:00","version":"0.23.3"}
{"buildDate":"2024-05-26T04:20:34Z","commit":"152b36577137fd95f288e12cee5fd6d857a2d101","debug":true,"level":"info","msg":"closed stop channel, waiting for notifyStopped message","time":"2024-10-28T11:51:12+01:00","version":"0.23.3"}
{"buildDate":"2024-05-26T04:20:34Z","commit":"152b36577137fd95f288e12cee5fd6d857a2d101","debug":true,"level":"error","msg":"context canceled","time":"2024-10-28T11:51:12+01:00","version":"0.23.3"}
{"buildDate":"2024-05-26T04:20:34Z","commit":"152b36577137fd95f288e12cee5fd6d857a2d101","debug":true,"level":"info","msg":"exiting ticker task due to stopped channel","time":"2024-10-28T11:51:12+01:00","version":"0.23.3"}
{"buildDate":"2024-05-26T04:20:34Z","commit":"152b36577137fd95f288e12cee5fd6d857a2d101","debug":true,"level":"info","msg":"returned from function, closing notifyStopped","time":"2024-10-28T11:51:12+01:00","version":"0.23.3"}
{"buildDate":"2024-05-26T04:20:34Z","commit":"152b36577137fd95f288e12cee5fd6d857a2d101","debug":true,"level":"info","msg":"received notifystopped message","time":"2024-10-28T11:51:12+01:00","version":"0.23.3"}
{"buildDate":"2024-05-26T04:20:34Z","commit":"152b36577137fd95f288e12cee5fd6d857a2d101","debug":true,"level":"info","msg":"task stopped","time":"2024-10-28T11:51:12+01:00","version":"0.23.3"}
{"buildDate":"2024-05-26T04:20:34Z","commit":"152b36577137fd95f288e12cee5fd6d857a2d101","debug":true,"level":"info","msg":"received event of type: container","time":"2024-10-28T11:51:13+01:00","version":"0.23.3"}
{"buildDate":"2024-05-26T04:20:34Z","commit":"152b36577137fd95f288e12cee5fd6d857a2d101","debug":true,"level":"info","msg":"received event of type: container","time":"2024-10-28T11:51:13+01:00","version":"0.23.3"}
{"buildDate":"2024-05-26T04:20:34Z","commit":"152b36577137fd95f288e12cee5fd6d857a2d101","debug":true,"level":"info","msg":"asking task to stop","time":"2024-10-28T11:51:13+01:00","version":"0.23.3"}
{"buildDate":"2024-05-26T04:20:34Z","commit":"152b36577137fd95f288e12cee5fd6d857a2d101","debug":true,"level":"info","msg":"closed stop channel, waiting for notifyStopped message","time":"2024-10-28T11:51:13+01:00","version":"0.23.3"}
{"buildDate":"2024-05-26T04:20:34Z","commit":"152b36577137fd95f288e12cee5fd6d857a2d101","debug":true,"level":"error","msg":"context canceled","time":"2024-10-28T11:51:13+01:00","version":"0.23.3"}
{"buildDate":"2024-05-26T04:20:34Z","commit":"152b36577137fd95f288e12cee5fd6d857a2d101","debug":true,"level":"info","msg":"running ticker task again","time":"2024-10-28T11:51:13+01:00","version":"0.23.3"}
{"buildDate":"2024-05-26T04:20:34Z","commit":"152b36577137fd95f288e12cee5fd6d857a2d101","debug":true,"level":"error","msg":"Get \"http://%2Fvar%2Frun%2Fdocker.sock/v1.25/containers/a99d397a1cc59d0532878d4de58e7a507fa8ed227eb0f469b606b25d95268330/logs?follow=1\u0026since=1730109073\u0026stderr=1\u0026stdout=1\u0026tail=\": context canceled","time":"2024-10-28T11:51:13+01:00","version":"0.23.3"}
{"buildDate":"2024-05-26T04:20:34Z","commit":"152b36577137fd95f288e12cee5fd6d857a2d101","debug":true,"level":"error","msg":"Get \"http://%2Fvar%2Frun%2Fdocker.sock/v1.25/containers/a99d397a1cc59d0532878d4de58e7a507fa8ed227eb0f469b606b25d95268330/logs?follow=1\u0026since=1730109073\u0026stderr=1\u0026stdout=1\u0026tail=\": context canceled","time":"2024-10-28T11:51:13+01:00","version":"0.23.3"}
{"buildDate":"2024-05-26T04:20:34Z","commit":"152b36577137fd95f288e12cee5fd6d857a2d101","debug":true,"level":"info","msg":"exiting ticker task due to stopped channel","time":"2024-10-28T11:51:13+01:00","version":"0.23.3"}
{"buildDate":"2024-05-26T04:20:34Z","commit":"152b36577137fd95f288e12cee5fd6d857a2d101","debug":true,"level":"info","msg":"returned from function, closing notifyStopped","time":"2024-10-28T11:51:13+01:00","version":"0.23.3"}
{"buildDate":"2024-05-26T04:20:34Z","commit":"152b36577137fd95f288e12cee5fd6d857a2d101","debug":true,"level":"info","msg":"received notifystopped message","time":"2024-10-28T11:51:13+01:00","version":"0.23.3"}
{"buildDate":"2024-05-26T04:20:34Z","commit":"152b36577137fd95f288e12cee5fd6d857a2d101","debug":true,"level":"info","msg":"task stopped","time":"2024-10-28T11:51:13+01:00","version":"0.23.3"}
{"buildDate":"2024-05-26T04:20:34Z","commit":"152b36577137fd95f288e12cee5fd6d857a2d101","debug":true,"level":"info","msg":"received event of type: container","time":"2024-10-28T11:51:13+01:00","version":"0.23.3"}
{"buildDate":"2024-05-26T04:20:34Z","commit":"152b36577137fd95f288e12cee5fd6d857a2d101","debug":true,"level":"info","msg":"asking task to stop","time":"2024-10-28T11:51:13+01:00","version":"0.23.3"}
{"buildDate":"2024-05-26T04:20:34Z","commit":"152b36577137fd95f288e12cee5fd6d857a2d101","debug":true,"level":"info","msg":"closed stop channel, waiting for notifyStopped message","time":"2024-10-28T11:51:13+01:00","version":"0.23.3"}
{"buildDate":"2024-05-26T04:20:34Z","commit":"152b36577137fd95f288e12cee5fd6d857a2d101","debug":true,"level":"error","msg":"context canceled","time":"2024-10-28T11:51:13+01:00","version":"0.23.3"}
{"buildDate":"2024-05-26T04:20:34Z","commit":"152b36577137fd95f288e12cee5fd6d857a2d101","debug":true,"level":"info","msg":"exiting ticker task due to notifyStopped channel","time":"2024-10-28T11:51:13+01:00","version":"0.23.3"}
{"buildDate":"2024-05-26T04:20:34Z","commit":"152b36577137fd95f288e12cee5fd6d857a2d101","debug":true,"level":"info","msg":"returned from function, closing notifyStopped","time":"2024-10-28T11:51:13+01:00","version":"0.23.3"}
{"buildDate":"2024-05-26T04:20:34Z","commit":"152b36577137fd95f288e12cee5fd6d857a2d101","debug":true,"level":"info","msg":"received notifystopped message","time":"2024-10-28T11:51:13+01:00","version":"0.23.3"}
{"buildDate":"2024-05-26T04:20:34Z","commit":"152b36577137fd95f288e12cee5fd6d857a2d101","debug":true,"level":"info","msg":"task stopped","time":"2024-10-28T11:51:13+01:00","version":"0.23.3"}
{"buildDate":"2024-05-26T04:20:34Z","commit":"152b36577137fd95f288e12cee5fd6d857a2d101","debug":true,"level":"info","msg":"received event of type: container","time":"2024-10-28T11:51:13+01:00","version":"0.23.3"}
{"buildDate":"2024-05-26T04:20:34Z","commit":"152b36577137fd95f288e12cee5fd6d857a2d101","debug":true,"level":"info","msg":"received event of type: container","time":"2024-10-28T11:51:13+01:00","version":"0.23.3"}
{"buildDate":"2024-05-26T04:20:34Z","commit":"152b36577137fd95f288e12cee5fd6d857a2d101","debug":true,"level":"info","msg":"received event of type: container","time":"2024-10-28T11:51:13+01:00","version":"0.23.3"}
{"buildDate":"2024-05-26T04:20:34Z","commit":"152b36577137fd95f288e12cee5fd6d857a2d101","debug":true,"level":"info","msg":"received event of type: container","time":"2024-10-28T11:51:13+01:00","version":"0.23.3"}
{"buildDate":"2024-05-26T04:20:34Z","commit":"152b36577137fd95f288e12cee5fd6d857a2d101","debug":true,"level":"info","msg":"received event of type: container","time":"2024-10-28T11:51:13+01:00","version":"0.23.3"}
{"buildDate":"2024-05-26T04:20:34Z","commit":"152b36577137fd95f288e12cee5fd6d857a2d101","debug":true,"level":"info","msg":"received event of type: container","time":"2024-10-28T11:51:13+01:00","version":"0.23.3"}
{"buildDate":"2024-05-26T04:20:34Z","commit":"152b36577137fd95f288e12cee5fd6d857a2d101","debug":true,"level":"info","msg":"received event of type: container","time":"2024-10-28T11:51:13+01:00","version":"0.23.3"}
{"buildDate":"2024-05-26T04:20:34Z","commit":"152b36577137fd95f288e12cee5fd6d857a2d101","debug":true,"level":"info","msg":"received event of type: container","time":"2024-10-28T11:51:13+01:00","version":"0.23.3"}
{"buildDate":"2024-05-26T04:20:34Z","commit":"152b36577137fd95f288e12cee5fd6d857a2d101","debug":true,"level":"info","msg":"received event of type: container","time":"2024-10-28T11:51:13+01:00","version":"0.23.3"}
{"buildDate":"2024-05-26T04:20:34Z","commit":"152b36577137fd95f288e12cee5fd6d857a2d101","debug":true,"level":"info","msg":"asking task to stop","time":"2024-10-28T11:51:14+01:00","version":"0.23.3"}
{"buildDate":"2024-05-26T04:20:34Z","commit":"152b36577137fd95f288e12cee5fd6d857a2d101","debug":true,"level":"info","msg":"closed stop channel, waiting for notifyStopped message","time":"2024-10-28T11:51:14+01:00","version":"0.23.3"}
{"buildDate":"2024-05-26T04:20:34Z","commit":"152b36577137fd95f288e12cee5fd6d857a2d101","debug":true,"level":"error","msg":"context canceled","time":"2024-10-28T11:51:14+01:00","version":"0.23.3"}
{"buildDate":"2024-05-26T04:20:34Z","commit":"152b36577137fd95f288e12cee5fd6d857a2d101","debug":true,"level":"info","msg":"exiting ticker task due to stopped channel","time":"2024-10-28T11:51:14+01:00","version":"0.23.3"}
{"buildDate":"2024-05-26T04:20:34Z","commit":"152b36577137fd95f288e12cee5fd6d857a2d101","debug":true,"level":"info","msg":"returned from function, closing notifyStopped","time":"2024-10-28T11:51:14+01:00","version":"0.23.3"}
{"buildDate":"2024-05-26T04:20:34Z","commit":"152b36577137fd95f288e12cee5fd6d857a2d101","debug":true,"level":"info","msg":"received notifystopped message","time":"2024-10-28T11:51:14+01:00","version":"0.23.3"}
{"buildDate":"2024-05-26T04:20:34Z","commit":"152b36577137fd95f288e12cee5fd6d857a2d101","debug":true,"level":"info","msg":"task stopped","time":"2024-10-28T11:51:14+01:00","version":"0.23.3"}
{"buildDate":"2024-05-26T04:20:34Z","commit":"152b36577137fd95f288e12cee5fd6d857a2d101","debug":true,"level":"info","msg":"asking task to stop","time":"2024-10-28T11:51:14+01:00","version":"0.23.3"}
{"buildDate":"2024-05-26T04:20:34Z","commit":"152b36577137fd95f288e12cee5fd6d857a2d101","debug":true,"level":"info","msg":"closed stop channel, waiting for notifyStopped message","time":"2024-10-28T11:51:14+01:00","version":"0.23.3"}
{"buildDate":"2024-05-26T04:20:34Z","commit":"152b36577137fd95f288e12cee5fd6d857a2d101","debug":true,"level":"info","msg":"exiting ticker task due to stopped channel","time":"2024-10-28T11:51:14+01:00","version":"0.23.3"}
{"buildDate":"2024-05-26T04:20:34Z","commit":"152b36577137fd95f288e12cee5fd6d857a2d101","debug":true,"level":"info","msg":"returned from function, closing notifyStopped","time":"2024-10-28T11:51:14+01:00","version":"0.23.3"}
{"buildDate":"2024-05-26T04:20:34Z","commit":"152b36577137fd95f288e12cee5fd6d857a2d101","debug":true,"level":"info","msg":"received notifystopped message","time":"2024-10-28T11:51:14+01:00","version":"0.23.3"}
{"buildDate":"2024-05-26T04:20:34Z","commit":"152b36577137fd95f288e12cee5fd6d857a2d101","debug":true,"level":"info","msg":"task stopped","time":"2024-10-28T11:51:14+01:00","version":"0.23.3"}
{"buildDate":"2024-05-26T04:20:34Z","commit":"152b36577137fd95f288e12cee5fd6d857a2d101","debug":true,"level":"info","msg":"asking task to stop","time":"2024-10-28T11:51:14+01:00","version":"0.23.3"}
{"buildDate":"2024-05-26T04:20:34Z","commit":"152b36577137fd95f288e12cee5fd6d857a2d101","debug":true,"level":"info","msg":"closed stop channel, waiting for notifyStopped message","time":"2024-10-28T11:51:14+01:00","version":"0.23.3"}
{"buildDate":"2024-05-26T04:20:34Z","commit":"152b36577137fd95f288e12cee5fd6d857a2d101","debug":true,"level":"error","msg":"context canceled","time":"2024-10-28T11:51:14+01:00","version":"0.23.3"}
{"buildDate":"2024-05-26T04:20:34Z","commit":"152b36577137fd95f288e12cee5fd6d857a2d101","debug":true,"level":"info","msg":"exiting ticker task due to stopped channel","time":"2024-10-28T11:51:14+01:00","version":"0.23.3"}
{"buildDate":"2024-05-26T04:20:34Z","commit":"152b36577137fd95f288e12cee5fd6d857a2d101","debug":true,"level":"info","msg":"returned from function, closing notifyStopped","time":"2024-10-28T11:51:14+01:00","version":"0.23.3"}
{"buildDate":"2024-05-26T04:20:34Z","commit":"152b36577137fd95f288e12cee5fd6d857a2d101","debug":true,"level":"info","msg":"received notifystopped message","time":"2024-10-28T11:51:14+01:00","version":"0.23.3"}
{"buildDate":"2024-05-26T04:20:34Z","commit":"152b36577137fd95f288e12cee5fd6d857a2d101","debug":true,"level":"info","msg":"task stopped","time":"2024-10-28T11:51:14+01:00","version":"0.23.3"}
{"buildDate":"2024-05-26T04:20:34Z","commit":"152b36577137fd95f288e12cee5fd6d857a2d101","debug":true,"level":"info","msg":"closed stop channel, waiting for notifyStopped message","time":"2024-10-28T11:51:14+01:00","version":"0.23.3"}
{"buildDate":"2024-05-26T04:20:34Z","commit":"152b36577137fd95f288e12cee5fd6d857a2d101","debug":true,"level":"error","msg":"context canceled","time":"2024-10-28T11:51:14+01:00","version":"0.23.3"}
{"buildDate":"2024-05-26T04:20:34Z","commit":"152b36577137fd95f288e12cee5fd6d857a2d101","debug":true,"level":"info","msg":"exiting ticker task due to stopped channel","time":"2024-10-28T11:51:14+01:00","version":"0.23.3"}
{"buildDate":"2024-05-26T04:20:34Z","commit":"152b36577137fd95f288e12cee5fd6d857a2d101","debug":true,"level":"info","msg":"returned from function, closing notifyStopped","time":"2024-10-28T11:51:14+01:00","version":"0.23.3"}
{"buildDate":"2024-05-26T04:20:34Z","commit":"152b36577137fd95f288e12cee5fd6d857a2d101","debug":true,"level":"info","msg":"received notifystopped message","time":"2024-10-28T11:51:14+01:00","version":"0.23.3"}
